c:\users\jun20\desktop\stuff\build\raytracer.dir\debug\vc143.pdb
c:\users\jun20\desktop\stuff\build\raytracer.dir\debug\env.obj
c:\users\jun20\desktop\stuff\build\raytracer.dir\debug\color.obj
c:\users\jun20\desktop\stuff\build\raytracer.dir\debug\vec3.obj
c:\users\jun20\desktop\stuff\build\raytracer.dir\debug\main.obj
c:\users\jun20\desktop\stuff\build\cmakefiles\generate.stamp
c:\users\jun20\desktop\stuff\build\debug\raytracer.exe
c:\users\jun20\desktop\stuff\build\debug\raytracer.pdb
c:\users\jun20\desktop\stuff\build\raytracer.dir\debug\raytracer.ilk
c:\users\jun20\desktop\stuff\build\raytracer.dir\debug\raytracer.tlog\cl.command.1.tlog
c:\users\jun20\desktop\stuff\build\raytracer.dir\debug\raytracer.tlog\cl.items.tlog
c:\users\jun20\desktop\stuff\build\raytracer.dir\debug\raytracer.tlog\cl.read.1.tlog
c:\users\jun20\desktop\stuff\build\raytracer.dir\debug\raytracer.tlog\cl.write.1.tlog
c:\users\jun20\desktop\stuff\build\raytracer.dir\debug\raytracer.tlog\custombuild.command.1.tlog
c:\users\jun20\desktop\stuff\build\raytracer.dir\debug\raytracer.tlog\custombuild.read.1.tlog
c:\users\jun20\desktop\stuff\build\raytracer.dir\debug\raytracer.tlog\custombuild.write.1.tlog
c:\users\jun20\desktop\stuff\build\raytracer.dir\debug\raytracer.tlog\link.command.1.tlog
c:\users\jun20\desktop\stuff\build\raytracer.dir\debug\raytracer.tlog\link.read.1.tlog
c:\users\jun20\desktop\stuff\build\raytracer.dir\debug\raytracer.tlog\link.secondary.1.tlog
c:\users\jun20\desktop\stuff\build\raytracer.dir\debug\raytracer.tlog\link.write.1.tlog
